{"level":"info","message":"Подписан на Kafka топик: group.deleted","timestamp":"2025-05-30 12:15:07"}
{"level":"info","message":"Подписан на Kafka топик: group.members.update","timestamp":"2025-05-30 12:15:07"}
{"level":"info","message":"Подписан на Kafka топик: server.channels.update","timestamp":"2025-05-30 12:15:08"}
{"level":"info","message":"Подписан на Kafka топик: server.deleted","timestamp":"2025-05-30 12:15:08"}
{"level":"info","message":"Подписан на Kafka топик: user.banned.from.server","timestamp":"2025-05-30 12:15:08"}
{"level":"info","message":"Подписан на Kafka топик: user.connected","timestamp":"2025-05-30 12:15:09"}
{"level":"info","message":"Подписан на Kafka топик: user.delete.privatechat","timestamp":"2025-05-30 12:15:09"}
{"level":"info","message":"Подписан на Kafka топик: user.group.roles.update","timestamp":"2025-05-30 12:15:09"}
{"level":"info","message":"Подписан на Kafka топик: user.join.group","timestamp":"2025-05-30 12:15:10"}
{"level":"info","message":"Подписан на Kafka топик: user.join.privatechat","timestamp":"2025-05-30 12:15:10"}
{"level":"info","message":"Подписан на Kafka топик: user.join.server","timestamp":"2025-05-30 12:15:10"}
{"level":"info","message":"Подписан на Kafka топик: user.kicked.from.group","timestamp":"2025-05-30 12:15:11"}
{"level":"info","message":"Подписан на Kafka топик: user.kicked.from.server","timestamp":"2025-05-30 12:15:11"}
{"level":"info","message":"Подписан на Kafka топик: user.leave.group","timestamp":"2025-05-30 12:15:11"}
{"level":"info","message":"Подписан на Kafka топик: user.leave.server","timestamp":"2025-05-30 12:15:12"}
{"level":"info","message":"Подписан на Kafka топик: user.mute.channel","timestamp":"2025-05-30 12:15:12"}
{"level":"info","message":"Подписан на Kafka топик: user.mute.group","timestamp":"2025-05-30 12:15:12"}
{"level":"info","message":"Подписан на Kafka топик: user.mute.privatechat","timestamp":"2025-05-30 12:15:13"}
{"level":"info","message":"Подписан на Kafka топик: user.mute.server","timestamp":"2025-05-30 12:15:13"}
{"level":"info","message":"Подписан на Kafka топик: user.server.roles.update","timestamp":"2025-05-30 12:15:13"}
{"level":"info","message":"Подписан на Kafka топик: user.updated.blacklist","timestamp":"2025-05-30 12:15:13"}
{"level":"info","message":"Подписан на Kafka топик: user.updated.settings","timestamp":"2025-05-30 12:15:14"}
{"level":"info","message":"Подписан на Kafka топик: group.deleted","timestamp":"2025-05-30 12:20:12"}
{"level":"info","message":"Подписан на Kafka топик: group.members.update","timestamp":"2025-05-30 12:20:12"}
{"level":"info","message":"Подписан на Kafka топик: server.channels.update","timestamp":"2025-05-30 12:20:12"}
{"level":"info","message":"Подписан на Kafka топик: server.deleted","timestamp":"2025-05-30 12:20:12"}
{"level":"info","message":"Подписан на Kafka топик: user.banned.from.server","timestamp":"2025-05-30 12:20:12"}
{"level":"info","message":"Подписан на Kafka топик: user.connected","timestamp":"2025-05-30 12:20:12"}
{"level":"info","message":"Подписан на Kafka топик: user.delete.privatechat","timestamp":"2025-05-30 12:20:12"}
{"level":"info","message":"Подписан на Kafka топик: user.group.roles.update","timestamp":"2025-05-30 12:20:12"}
{"level":"info","message":"Подписан на Kafka топик: user.join.group","timestamp":"2025-05-30 12:20:12"}
{"level":"info","message":"Подписан на Kafka топик: user.join.privatechat","timestamp":"2025-05-30 12:20:12"}
{"level":"info","message":"Подписан на Kafka топик: user.join.server","timestamp":"2025-05-30 12:20:12"}
{"level":"info","message":"Подписан на Kafka топик: user.kicked.from.group","timestamp":"2025-05-30 12:20:12"}
{"level":"info","message":"Подписан на Kafka топик: user.kicked.from.server","timestamp":"2025-05-30 12:20:12"}
{"level":"info","message":"Подписан на Kafka топик: user.leave.group","timestamp":"2025-05-30 12:20:12"}
{"level":"info","message":"Подписан на Kafka топик: user.leave.server","timestamp":"2025-05-30 12:20:12"}
{"level":"info","message":"Подписан на Kafka топик: user.mute.channel","timestamp":"2025-05-30 12:20:12"}
{"level":"info","message":"Подписан на Kafka топик: user.mute.group","timestamp":"2025-05-30 12:20:12"}
{"level":"info","message":"Подписан на Kafka топик: user.mute.privatechat","timestamp":"2025-05-30 12:20:12"}
{"level":"info","message":"Подписан на Kafka топик: user.mute.server","timestamp":"2025-05-30 12:20:12"}
{"level":"info","message":"Подписан на Kafka топик: user.server.roles.update","timestamp":"2025-05-30 12:20:12"}
{"level":"info","message":"Подписан на Kafka топик: user.updated.blacklist","timestamp":"2025-05-30 12:20:12"}
{"level":"info","message":"Подписан на Kafka топик: user.updated.settings","timestamp":"2025-05-30 12:20:12"}
{"level":"info","message":"Подписан на Kafka топик: group.deleted","timestamp":"2025-05-30 12:25:27"}
{"level":"info","message":"Подписан на Kafka топик: group.members.update","timestamp":"2025-05-30 12:25:27"}
{"level":"info","message":"Подписан на Kafka топик: server.channels.update","timestamp":"2025-05-30 12:25:27"}
{"level":"info","message":"Подписан на Kafka топик: server.deleted","timestamp":"2025-05-30 12:25:28"}
{"level":"info","message":"Подписан на Kafka топик: user.banned.from.server","timestamp":"2025-05-30 12:25:30"}
{"level":"info","message":"Подписан на Kafka топик: user.connected","timestamp":"2025-05-30 12:25:30"}
{"level":"info","message":"Подписан на Kafka топик: user.delete.privatechat","timestamp":"2025-05-30 12:25:30"}
{"level":"info","message":"Подписан на Kafka топик: user.group.roles.update","timestamp":"2025-05-30 12:25:31"}
{"level":"info","message":"Подписан на Kafka топик: user.join.group","timestamp":"2025-05-30 12:25:31"}
{"level":"info","message":"Подписан на Kafka топик: user.join.privatechat","timestamp":"2025-05-30 12:25:31"}
{"level":"info","message":"Подписан на Kafka топик: user.join.server","timestamp":"2025-05-30 12:25:31"}
{"level":"info","message":"Подписан на Kafka топик: user.kicked.from.group","timestamp":"2025-05-30 12:25:32"}
{"level":"info","message":"Подписан на Kafka топик: user.kicked.from.server","timestamp":"2025-05-30 12:25:32"}
{"level":"info","message":"Подписан на Kafka топик: user.leave.group","timestamp":"2025-05-30 12:25:32"}
{"level":"info","message":"Подписан на Kafka топик: user.leave.server","timestamp":"2025-05-30 12:25:33"}
{"level":"info","message":"Подписан на Kafka топик: user.mute.channel","timestamp":"2025-05-30 12:25:33"}
{"level":"info","message":"Подписан на Kafka топик: user.mute.group","timestamp":"2025-05-30 12:25:33"}
{"level":"info","message":"Подписан на Kafka топик: user.mute.privatechat","timestamp":"2025-05-30 12:25:34"}
{"level":"info","message":"Подписан на Kafka топик: user.mute.server","timestamp":"2025-05-30 12:25:34"}
{"level":"info","message":"Подписан на Kafka топик: user.server.roles.update","timestamp":"2025-05-30 12:25:34"}
{"level":"info","message":"Подписан на Kafka топик: user.updated.blacklist","timestamp":"2025-05-30 12:25:35"}
{"level":"info","message":"Подписан на Kafka топик: user.updated.settings","timestamp":"2025-05-30 12:25:35"}
{"level":"info","message":"Подписан на Kafka топик: group.deleted","timestamp":"2025-05-30 12:51:44"}
{"level":"info","message":"Подписан на Kafka топик: group.members.update","timestamp":"2025-05-30 12:51:44"}
{"level":"info","message":"Подписан на Kafka топик: server.channels.update","timestamp":"2025-05-30 12:51:44"}
{"level":"info","message":"Подписан на Kafka топик: server.deleted","timestamp":"2025-05-30 12:51:45"}
{"level":"info","message":"Подписан на Kafka топик: user.banned.from.server","timestamp":"2025-05-30 12:51:45"}
{"level":"info","message":"Подписан на Kafka топик: user.connected","timestamp":"2025-05-30 12:51:45"}
{"level":"info","message":"Подписан на Kafka топик: user.delete.privatechat","timestamp":"2025-05-30 12:51:46"}
{"level":"info","message":"Подписан на Kafka топик: user.group.roles.update","timestamp":"2025-05-30 12:51:46"}
{"level":"info","message":"Подписан на Kafka топик: user.join.group","timestamp":"2025-05-30 12:51:46"}
{"level":"info","message":"Подписан на Kafka топик: user.join.privatechat","timestamp":"2025-05-30 12:51:47"}
{"level":"info","message":"Подписан на Kafka топик: user.join.server","timestamp":"2025-05-30 12:51:47"}
{"level":"info","message":"Подписан на Kafka топик: user.kicked.from.group","timestamp":"2025-05-30 12:51:47"}
{"level":"info","message":"Подписан на Kafka топик: user.kicked.from.server","timestamp":"2025-05-30 12:51:48"}
{"level":"info","message":"Подписан на Kafka топик: user.leave.group","timestamp":"2025-05-30 12:51:48"}
{"level":"info","message":"Подписан на Kafka топик: user.leave.server","timestamp":"2025-05-30 12:51:48"}
{"level":"info","message":"Подписан на Kafka топик: user.mute.channel","timestamp":"2025-05-30 12:51:49"}
{"level":"info","message":"Подписан на Kafka топик: user.mute.group","timestamp":"2025-05-30 12:51:49"}
{"level":"info","message":"Подписан на Kafka топик: user.mute.privatechat","timestamp":"2025-05-30 12:51:49"}
{"level":"info","message":"Подписан на Kafka топик: user.mute.server","timestamp":"2025-05-30 12:51:50"}
{"level":"info","message":"Подписан на Kafka топик: user.server.roles.update","timestamp":"2025-05-30 12:51:50"}
{"level":"info","message":"Подписан на Kafka топик: user.updated.blacklist","timestamp":"2025-05-30 12:51:50"}
{"level":"info","message":"Подписан на Kafka топик: user.updated.settings","timestamp":"2025-05-30 12:51:51"}
{"level":"info","message":"Подписан на Kafka топик: group.deleted","timestamp":"2025-05-30 20:40:06"}
{"level":"info","message":"Подписан на Kafka топик: group.members.update","timestamp":"2025-05-30 20:40:06"}
{"level":"info","message":"Подписан на Kafka топик: server.channels.update","timestamp":"2025-05-30 20:40:06"}
{"level":"info","message":"Подписан на Kafka топик: server.deleted","timestamp":"2025-05-30 20:40:06"}
{"level":"info","message":"Подписан на Kafka топик: user.banned.from.server","timestamp":"2025-05-30 20:40:06"}
{"level":"info","message":"Подписан на Kafka топик: user.connected","timestamp":"2025-05-30 20:40:06"}
{"level":"info","message":"Подписан на Kafka топик: user.delete.privatechat","timestamp":"2025-05-30 20:40:06"}
{"level":"info","message":"Подписан на Kafka топик: user.group.roles.update","timestamp":"2025-05-30 20:40:06"}
{"level":"info","message":"Подписан на Kafka топик: user.join.group","timestamp":"2025-05-30 20:40:06"}
{"level":"info","message":"Подписан на Kafka топик: user.join.privatechat","timestamp":"2025-05-30 20:40:06"}
{"level":"info","message":"Подписан на Kafka топик: user.join.server","timestamp":"2025-05-30 20:40:06"}
{"level":"info","message":"Подписан на Kafka топик: user.kicked.from.group","timestamp":"2025-05-30 20:40:06"}
{"level":"info","message":"Подписан на Kafka топик: user.kicked.from.server","timestamp":"2025-05-30 20:40:06"}
{"level":"info","message":"Подписан на Kafka топик: user.leave.group","timestamp":"2025-05-30 20:40:06"}
{"level":"info","message":"Подписан на Kafka топик: user.leave.server","timestamp":"2025-05-30 20:40:06"}
{"level":"info","message":"Подписан на Kafka топик: user.mute.channel","timestamp":"2025-05-30 20:40:06"}
{"level":"info","message":"Подписан на Kafka топик: user.mute.group","timestamp":"2025-05-30 20:40:06"}
{"level":"info","message":"Подписан на Kafka топик: user.mute.privatechat","timestamp":"2025-05-30 20:40:06"}
{"level":"info","message":"Подписан на Kafka топик: user.mute.server","timestamp":"2025-05-30 20:40:06"}
{"level":"info","message":"Подписан на Kafka топик: user.server.roles.update","timestamp":"2025-05-30 20:40:06"}
{"level":"info","message":"Подписан на Kafka топик: user.updated.blacklist","timestamp":"2025-05-30 20:40:06"}
{"level":"info","message":"Подписан на Kafka топик: user.updated.settings","timestamp":"2025-05-30 20:40:06"}
{"level":"info","message":"Подписан на Kafka топик: group.deleted","timestamp":"2025-05-30 21:30:27"}
{"level":"info","message":"Подписан на Kafka топик: group.members.update","timestamp":"2025-05-30 21:30:28"}
{"level":"info","message":"Подписан на Kafka топик: server.channels.update","timestamp":"2025-05-30 21:30:28"}
{"level":"info","message":"Подписан на Kafka топик: server.deleted","timestamp":"2025-05-30 21:30:28"}
{"level":"info","message":"Подписан на Kafka топик: user.banned.from.server","timestamp":"2025-05-30 21:30:29"}
{"level":"info","message":"Подписан на Kafka топик: user.connected","timestamp":"2025-05-30 21:30:29"}
{"level":"info","message":"Подписан на Kafka топик: user.delete.privatechat","timestamp":"2025-05-30 21:30:29"}
{"level":"info","message":"Подписан на Kafka топик: user.group.roles.update","timestamp":"2025-05-30 21:30:30"}
{"level":"info","message":"Подписан на Kafka топик: user.join.group","timestamp":"2025-05-30 21:30:30"}
{"level":"info","message":"Подписан на Kafka топик: user.join.privatechat","timestamp":"2025-05-30 21:30:30"}
{"level":"info","message":"Подписан на Kafka топик: user.join.server","timestamp":"2025-05-30 21:30:31"}
{"level":"info","message":"Подписан на Kafka топик: user.kicked.from.group","timestamp":"2025-05-30 21:30:31"}
{"level":"info","message":"Подписан на Kafka топик: user.kicked.from.server","timestamp":"2025-05-30 21:30:31"}
{"level":"info","message":"Подписан на Kafka топик: user.leave.group","timestamp":"2025-05-30 21:30:32"}
{"level":"info","message":"Подписан на Kafka топик: user.leave.server","timestamp":"2025-05-30 21:30:32"}
{"level":"info","message":"Подписан на Kafka топик: user.mute.channel","timestamp":"2025-05-30 21:30:32"}
{"level":"info","message":"Подписан на Kafka топик: user.mute.group","timestamp":"2025-05-30 21:30:33"}
{"level":"info","message":"Подписан на Kafka топик: user.mute.privatechat","timestamp":"2025-05-30 21:30:33"}
{"level":"info","message":"Подписан на Kafka топик: user.mute.server","timestamp":"2025-05-30 21:30:33"}
{"level":"info","message":"Подписан на Kafka топик: user.server.roles.update","timestamp":"2025-05-30 21:30:34"}
{"level":"info","message":"Подписан на Kafka топик: user.updated.blacklist","timestamp":"2025-05-30 21:30:34"}
{"level":"info","message":"Подписан на Kafka топик: user.updated.settings","timestamp":"2025-05-30 21:30:34"}
{"level":"info","message":"Подписан на Kafka топик: group.deleted","timestamp":"2025-05-30 21:31:47"}
{"level":"info","message":"Подписан на Kafka топик: group.members.update","timestamp":"2025-05-30 21:31:47"}
{"level":"info","message":"Подписан на Kafka топик: server.channels.update","timestamp":"2025-05-30 21:31:48"}
{"level":"info","message":"Подписан на Kafka топик: server.deleted","timestamp":"2025-05-30 21:31:48"}
{"level":"info","message":"Подписан на Kafka топик: user.banned.from.server","timestamp":"2025-05-30 21:31:48"}
{"level":"info","message":"Подписан на Kafka топик: user.connected","timestamp":"2025-05-30 21:31:49"}
{"level":"info","message":"Подписан на Kafka топик: user.delete.privatechat","timestamp":"2025-05-30 21:31:49"}
{"level":"info","message":"Подписан на Kafka топик: user.group.roles.update","timestamp":"2025-05-30 21:31:49"}
{"level":"info","message":"Подписан на Kafka топик: user.join.group","timestamp":"2025-05-30 21:31:49"}
{"level":"info","message":"Подписан на Kafka топик: user.join.privatechat","timestamp":"2025-05-30 21:31:50"}
{"level":"info","message":"Подписан на Kafka топик: user.join.server","timestamp":"2025-05-30 21:31:50"}
{"level":"info","message":"Подписан на Kafka топик: user.kicked.from.group","timestamp":"2025-05-30 21:31:50"}
{"level":"info","message":"Подписан на Kafka топик: user.kicked.from.server","timestamp":"2025-05-30 21:31:51"}
{"level":"info","message":"Подписан на Kafka топик: user.leave.group","timestamp":"2025-05-30 21:31:51"}
{"level":"info","message":"Подписан на Kafka топик: user.leave.server","timestamp":"2025-05-30 21:31:51"}
{"level":"info","message":"Подписан на Kafka топик: user.mute.channel","timestamp":"2025-05-30 21:31:52"}
{"level":"info","message":"Подписан на Kafka топик: user.mute.group","timestamp":"2025-05-30 21:31:52"}
{"level":"info","message":"Подписан на Kafka топик: user.mute.privatechat","timestamp":"2025-05-30 21:31:52"}
{"level":"info","message":"Подписан на Kafka топик: user.mute.server","timestamp":"2025-05-30 21:31:53"}
{"level":"info","message":"Подписан на Kafka топик: user.server.roles.update","timestamp":"2025-05-30 21:31:53"}
{"level":"info","message":"Подписан на Kafka топик: user.updated.blacklist","timestamp":"2025-05-30 21:31:53"}
{"level":"info","message":"Подписан на Kafka топик: user.updated.settings","timestamp":"2025-05-30 21:31:54"}
{"level":"info","message":"Подписан на Kafka топик: group.deleted","timestamp":"2025-05-30 21:35:42"}
{"level":"info","message":"Подписан на Kafka топик: group.members.update","timestamp":"2025-05-30 21:35:43"}
{"level":"info","message":"Подписан на Kafka топик: server.channels.update","timestamp":"2025-05-30 21:35:43"}
{"level":"info","message":"Подписан на Kafka топик: server.deleted","timestamp":"2025-05-30 21:35:43"}
{"level":"info","message":"Подписан на Kafka топик: user.banned.from.server","timestamp":"2025-05-30 21:35:44"}
{"level":"info","message":"Подписан на Kafka топик: user.connected","timestamp":"2025-05-30 21:35:44"}
{"level":"info","message":"Подписан на Kafka топик: user.delete.privatechat","timestamp":"2025-05-30 21:35:46"}
{"level":"info","message":"Подписан на Kafka топик: user.group.roles.update","timestamp":"2025-05-30 21:35:46"}
{"level":"info","message":"Подписан на Kafka топик: user.join.group","timestamp":"2025-05-30 21:35:47"}
{"level":"info","message":"Подписан на Kafka топик: user.join.privatechat","timestamp":"2025-05-30 21:35:47"}
{"level":"info","message":"Подписан на Kafka топик: user.join.server","timestamp":"2025-05-30 21:35:47"}
{"level":"info","message":"Подписан на Kafka топик: user.kicked.from.group","timestamp":"2025-05-30 21:35:48"}
{"level":"info","message":"Подписан на Kafka топик: user.kicked.from.server","timestamp":"2025-05-30 21:35:48"}
{"level":"info","message":"Подписан на Kafka топик: user.leave.group","timestamp":"2025-05-30 21:35:48"}
{"level":"info","message":"Подписан на Kafka топик: user.leave.server","timestamp":"2025-05-30 21:35:49"}
{"level":"info","message":"Подписан на Kafka топик: user.mute.channel","timestamp":"2025-05-30 21:35:49"}
{"level":"info","message":"Подписан на Kafka топик: user.mute.group","timestamp":"2025-05-30 21:35:49"}
{"level":"info","message":"Подписан на Kafka топик: user.mute.privatechat","timestamp":"2025-05-30 21:35:50"}
{"level":"info","message":"Подписан на Kafka топик: user.mute.server","timestamp":"2025-05-30 21:35:50"}
{"level":"info","message":"Подписан на Kafka топик: user.server.roles.update","timestamp":"2025-05-30 21:35:50"}
{"level":"info","message":"Подписан на Kafka топик: user.updated.blacklist","timestamp":"2025-05-30 21:35:51"}
{"level":"info","message":"Подписан на Kafka топик: user.updated.settings","timestamp":"2025-05-30 21:35:51"}
{"level":"info","message":"✅ Запрос: GET /users/me/subscriptions","timestamp":"2025-05-30 21:49:40"}
{"level":"error","message":"Cannot read properties of undefined (reading 'map') \t TypeError: Cannot read properties of undefined (reading 'map')\n    at getSubscriptions (/app/src/controllers/subscriprionsController.js:12:53)\n    at Layer.handleRequest (/app/node_modules/router/lib/layer.js:152:17)\n    at next (/app/node_modules/router/lib/route.js:157:13)\n    at Route.dispatch (/app/node_modules/router/lib/route.js:117:3)\n    at handle (/app/node_modules/router/index.js:435:11)\n    at Layer.handleRequest (/app/node_modules/router/lib/layer.js:152:17)\n    at /app/node_modules/router/index.js:295:15\n    at processParams (/app/node_modules/router/index.js:582:12)\n    at next (/app/node_modules/router/index.js:291:5)\n    at Function.handle (/app/node_modules/router/index.js:186:3)","timestamp":"2025-05-30 21:49:40"}
{"level":"info","message":"✅ Запрос: GET /users/me/subscriptions","timestamp":"2025-05-30 21:50:57"}
{"level":"error","message":"Cannot read properties of undefined (reading 'map') \t TypeError: Cannot read properties of undefined (reading 'map')\n    at getSubscriptions (/app/src/controllers/subscriprionsController.js:12:53)\n    at Layer.handleRequest (/app/node_modules/router/lib/layer.js:152:17)\n    at next (/app/node_modules/router/lib/route.js:157:13)\n    at Route.dispatch (/app/node_modules/router/lib/route.js:117:3)\n    at handle (/app/node_modules/router/index.js:435:11)\n    at Layer.handleRequest (/app/node_modules/router/lib/layer.js:152:17)\n    at /app/node_modules/router/index.js:295:15\n    at processParams (/app/node_modules/router/index.js:582:12)\n    at next (/app/node_modules/router/index.js:291:5)\n    at Function.handle (/app/node_modules/router/index.js:186:3)","timestamp":"2025-05-30 21:50:57"}
{"level":"info","message":"✅ Запрос: GET /users/me/subscriptions","timestamp":"2025-05-30 21:51:42"}
{"level":"error","message":"Cannot read properties of undefined (reading 'map') \t TypeError: Cannot read properties of undefined (reading 'map')\n    at getSubscriptions (/app/src/controllers/subscriprionsController.js:12:53)\n    at Layer.handleRequest (/app/node_modules/router/lib/layer.js:152:17)\n    at next (/app/node_modules/router/lib/route.js:157:13)\n    at Route.dispatch (/app/node_modules/router/lib/route.js:117:3)\n    at handle (/app/node_modules/router/index.js:435:11)\n    at Layer.handleRequest (/app/node_modules/router/lib/layer.js:152:17)\n    at /app/node_modules/router/index.js:295:15\n    at processParams (/app/node_modules/router/index.js:582:12)\n    at next (/app/node_modules/router/index.js:291:5)\n    at Function.handle (/app/node_modules/router/index.js:186:3)","timestamp":"2025-05-30 21:51:42"}
{"level":"info","message":"Подписан на Kafka топик: group.deleted","timestamp":"2025-05-30 21:52:03"}
{"level":"info","message":"Подписан на Kafka топик: group.members.update","timestamp":"2025-05-30 21:52:03"}
{"level":"info","message":"Подписан на Kafka топик: server.channels.update","timestamp":"2025-05-30 21:52:03"}
{"level":"info","message":"Подписан на Kafka топик: server.deleted","timestamp":"2025-05-30 21:52:03"}
{"level":"info","message":"Подписан на Kafka топик: user.banned.from.server","timestamp":"2025-05-30 21:52:03"}
{"level":"info","message":"Подписан на Kafka топик: user.connected","timestamp":"2025-05-30 21:52:03"}
{"level":"info","message":"Подписан на Kafka топик: user.delete.privatechat","timestamp":"2025-05-30 21:52:03"}
{"level":"info","message":"Подписан на Kafka топик: user.group.roles.update","timestamp":"2025-05-30 21:52:03"}
{"level":"info","message":"Подписан на Kafka топик: user.join.group","timestamp":"2025-05-30 21:52:03"}
{"level":"info","message":"Подписан на Kafka топик: user.join.privatechat","timestamp":"2025-05-30 21:52:03"}
{"level":"info","message":"Подписан на Kafka топик: user.join.server","timestamp":"2025-05-30 21:52:03"}
{"level":"info","message":"Подписан на Kafka топик: user.kicked.from.group","timestamp":"2025-05-30 21:52:03"}
{"level":"info","message":"Подписан на Kafka топик: user.kicked.from.server","timestamp":"2025-05-30 21:52:03"}
{"level":"info","message":"Подписан на Kafka топик: user.leave.group","timestamp":"2025-05-30 21:52:03"}
{"level":"info","message":"Подписан на Kafka топик: user.leave.server","timestamp":"2025-05-30 21:52:03"}
{"level":"info","message":"Подписан на Kafka топик: user.mute.channel","timestamp":"2025-05-30 21:52:03"}
{"level":"info","message":"Подписан на Kafka топик: user.mute.group","timestamp":"2025-05-30 21:52:03"}
{"level":"info","message":"Подписан на Kafka топик: user.mute.privatechat","timestamp":"2025-05-30 21:52:03"}
{"level":"info","message":"Подписан на Kafka топик: user.mute.server","timestamp":"2025-05-30 21:52:03"}
{"level":"info","message":"Подписан на Kafka топик: user.server.roles.update","timestamp":"2025-05-30 21:52:03"}
{"level":"info","message":"Подписан на Kafka топик: user.updated.blacklist","timestamp":"2025-05-30 21:52:03"}
{"level":"info","message":"Подписан на Kafka топик: user.updated.settings","timestamp":"2025-05-30 21:52:03"}
{"level":"info","message":"✅ Запрос: GET /users/me/subscriptions","timestamp":"2025-05-30 21:52:23"}
{"level":"error","message":"Cannot read properties of undefined (reading 'map') \t TypeError: Cannot read properties of undefined (reading 'map')\n    at getSubscriptions (/app/src/controllers/subscriprionsController.js:13:53)\n    at Layer.handleRequest (/app/node_modules/router/lib/layer.js:152:17)\n    at next (/app/node_modules/router/lib/route.js:157:13)\n    at Route.dispatch (/app/node_modules/router/lib/route.js:117:3)\n    at handle (/app/node_modules/router/index.js:435:11)\n    at Layer.handleRequest (/app/node_modules/router/lib/layer.js:152:17)\n    at /app/node_modules/router/index.js:295:15\n    at processParams (/app/node_modules/router/index.js:582:12)\n    at next (/app/node_modules/router/index.js:291:5)\n    at Function.handle (/app/node_modules/router/index.js:186:3)","timestamp":"2025-05-30 21:52:23"}
{"level":"info","message":"Подписан на Kafka топик: group.deleted","timestamp":"2025-05-30 21:54:46"}
{"level":"info","message":"Подписан на Kafka топик: group.members.update","timestamp":"2025-05-30 21:54:46"}
{"level":"info","message":"Подписан на Kafka топик: server.channels.update","timestamp":"2025-05-30 21:54:46"}
{"level":"info","message":"Подписан на Kafka топик: server.deleted","timestamp":"2025-05-30 21:54:46"}
{"level":"info","message":"Подписан на Kafka топик: user.banned.from.server","timestamp":"2025-05-30 21:54:46"}
{"level":"info","message":"Подписан на Kafka топик: user.connected","timestamp":"2025-05-30 21:54:46"}
{"level":"info","message":"Подписан на Kafka топик: user.delete.privatechat","timestamp":"2025-05-30 21:54:46"}
{"level":"info","message":"Подписан на Kafka топик: user.group.roles.update","timestamp":"2025-05-30 21:54:46"}
{"level":"info","message":"Подписан на Kafka топик: user.join.group","timestamp":"2025-05-30 21:54:46"}
{"level":"info","message":"Подписан на Kafka топик: user.join.privatechat","timestamp":"2025-05-30 21:54:46"}
{"level":"info","message":"Подписан на Kafka топик: user.join.server","timestamp":"2025-05-30 21:54:46"}
{"level":"info","message":"Подписан на Kafka топик: user.kicked.from.group","timestamp":"2025-05-30 21:54:46"}
{"level":"info","message":"Подписан на Kafka топик: user.kicked.from.server","timestamp":"2025-05-30 21:54:46"}
{"level":"info","message":"Подписан на Kafka топик: user.leave.group","timestamp":"2025-05-30 21:54:46"}
{"level":"info","message":"Подписан на Kafka топик: user.leave.server","timestamp":"2025-05-30 21:54:46"}
{"level":"info","message":"Подписан на Kafka топик: user.mute.channel","timestamp":"2025-05-30 21:54:46"}
{"level":"info","message":"Подписан на Kafka топик: user.mute.group","timestamp":"2025-05-30 21:54:46"}
{"level":"info","message":"Подписан на Kafka топик: user.mute.privatechat","timestamp":"2025-05-30 21:54:46"}
{"level":"info","message":"Подписан на Kafka топик: user.mute.server","timestamp":"2025-05-30 21:54:46"}
{"level":"info","message":"Подписан на Kafka топик: user.server.roles.update","timestamp":"2025-05-30 21:54:46"}
{"level":"info","message":"Подписан на Kafka топик: user.updated.blacklist","timestamp":"2025-05-30 21:54:46"}
{"level":"info","message":"Подписан на Kafka топик: user.updated.settings","timestamp":"2025-05-30 21:54:46"}
{"level":"info","message":"✅ Запрос: GET /users/me/subscriptions","timestamp":"2025-05-30 21:54:49"}
{"level":"info","message":"✅ Запрос: GET /users/me/subscriptions","timestamp":"2025-05-30 21:55:59"}
{"level":"info","message":"Подписан на Kafka топик: group.deleted","timestamp":"2025-05-30 21:57:08"}
{"level":"info","message":"Подписан на Kafka топик: group.members.update","timestamp":"2025-05-30 21:57:08"}
{"level":"info","message":"Подписан на Kafka топик: server.channels.update","timestamp":"2025-05-30 21:57:08"}
{"level":"info","message":"Подписан на Kafka топик: server.deleted","timestamp":"2025-05-30 21:57:08"}
{"level":"info","message":"Подписан на Kafka топик: user.banned.from.server","timestamp":"2025-05-30 21:57:08"}
{"level":"info","message":"Подписан на Kafka топик: user.connected","timestamp":"2025-05-30 21:57:08"}
{"level":"info","message":"Подписан на Kafka топик: user.delete.privatechat","timestamp":"2025-05-30 21:57:08"}
{"level":"info","message":"Подписан на Kafka топик: user.group.roles.update","timestamp":"2025-05-30 21:57:08"}
{"level":"info","message":"Подписан на Kafka топик: user.join.group","timestamp":"2025-05-30 21:57:08"}
{"level":"info","message":"Подписан на Kafka топик: user.join.privatechat","timestamp":"2025-05-30 21:57:08"}
{"level":"info","message":"Подписан на Kafka топик: user.join.server","timestamp":"2025-05-30 21:57:08"}
{"level":"info","message":"Подписан на Kafka топик: user.kicked.from.group","timestamp":"2025-05-30 21:57:08"}
{"level":"info","message":"Подписан на Kafka топик: user.kicked.from.server","timestamp":"2025-05-30 21:57:08"}
{"level":"info","message":"Подписан на Kafka топик: user.leave.group","timestamp":"2025-05-30 21:57:08"}
{"level":"info","message":"Подписан на Kafka топик: user.leave.server","timestamp":"2025-05-30 21:57:08"}
{"level":"info","message":"Подписан на Kafka топик: user.mute.channel","timestamp":"2025-05-30 21:57:08"}
{"level":"info","message":"Подписан на Kafka топик: user.mute.group","timestamp":"2025-05-30 21:57:08"}
{"level":"info","message":"Подписан на Kafka топик: user.mute.privatechat","timestamp":"2025-05-30 21:57:08"}
{"level":"info","message":"Подписан на Kafka топик: user.mute.server","timestamp":"2025-05-30 21:57:08"}
{"level":"info","message":"Подписан на Kafka топик: user.server.roles.update","timestamp":"2025-05-30 21:57:08"}
{"level":"info","message":"Подписан на Kafka топик: user.updated.blacklist","timestamp":"2025-05-30 21:57:08"}
{"level":"info","message":"Подписан на Kafka топик: user.updated.settings","timestamp":"2025-05-30 21:57:08"}
{"level":"info","message":"✅ Запрос: GET /users/me/subscriptions","timestamp":"2025-05-30 21:57:12"}
{"level":"info","message":"✅ Запрос: GET /users/me/subscriptions","timestamp":"2025-05-30 21:57:29"}
{"level":"info","message":"Подписан на Kafka топик: group.deleted","timestamp":"2025-05-30 22:00:06"}
{"level":"info","message":"Подписан на Kafka топик: group.members.update","timestamp":"2025-05-30 22:00:06"}
{"level":"info","message":"Подписан на Kafka топик: server.channels.update","timestamp":"2025-05-30 22:00:06"}
{"level":"info","message":"Подписан на Kafka топик: server.deleted","timestamp":"2025-05-30 22:00:06"}
{"level":"info","message":"Подписан на Kafka топик: user.banned.from.server","timestamp":"2025-05-30 22:00:06"}
{"level":"info","message":"Подписан на Kafka топик: user.connected","timestamp":"2025-05-30 22:00:06"}
{"level":"info","message":"Подписан на Kafka топик: user.delete.privatechat","timestamp":"2025-05-30 22:00:06"}
{"level":"info","message":"Подписан на Kafka топик: user.group.roles.update","timestamp":"2025-05-30 22:00:06"}
{"level":"info","message":"Подписан на Kafka топик: user.join.group","timestamp":"2025-05-30 22:00:06"}
{"level":"info","message":"Подписан на Kafka топик: user.join.privatechat","timestamp":"2025-05-30 22:00:06"}
{"level":"info","message":"Подписан на Kafka топик: user.join.server","timestamp":"2025-05-30 22:00:06"}
{"level":"info","message":"Подписан на Kafka топик: user.kicked.from.group","timestamp":"2025-05-30 22:00:06"}
{"level":"info","message":"Подписан на Kafka топик: user.kicked.from.server","timestamp":"2025-05-30 22:00:06"}
{"level":"info","message":"Подписан на Kafka топик: user.leave.group","timestamp":"2025-05-30 22:00:06"}
{"level":"info","message":"Подписан на Kafka топик: user.leave.server","timestamp":"2025-05-30 22:00:06"}
{"level":"info","message":"Подписан на Kafka топик: user.mute.channel","timestamp":"2025-05-30 22:00:06"}
{"level":"info","message":"Подписан на Kafka топик: user.mute.group","timestamp":"2025-05-30 22:00:06"}
{"level":"info","message":"Подписан на Kafka топик: user.mute.privatechat","timestamp":"2025-05-30 22:00:06"}
{"level":"info","message":"Подписан на Kafka топик: user.mute.server","timestamp":"2025-05-30 22:00:06"}
{"level":"info","message":"Подписан на Kafka топик: user.server.roles.update","timestamp":"2025-05-30 22:00:06"}
{"level":"info","message":"Подписан на Kafka топик: user.updated.blacklist","timestamp":"2025-05-30 22:00:06"}
{"level":"info","message":"Подписан на Kafka топик: user.updated.settings","timestamp":"2025-05-30 22:00:06"}
{"level":"info","message":"✅ Запрос: GET /users/me/subscriptions","timestamp":"2025-05-30 22:00:09"}
{"level":"info","message":"Подписан на Kafka топик: group.deleted","timestamp":"2025-05-30 22:20:50"}
{"level":"info","message":"Подписан на Kafka топик: group.members.update","timestamp":"2025-05-30 22:20:50"}
{"level":"info","message":"Подписан на Kafka топик: server.channels.update","timestamp":"2025-05-30 22:20:50"}
{"level":"info","message":"Подписан на Kafka топик: server.deleted","timestamp":"2025-05-30 22:20:50"}
{"level":"info","message":"Подписан на Kafka топик: user.banned.from.server","timestamp":"2025-05-30 22:20:50"}
{"level":"info","message":"Подписан на Kafka топик: user.connected","timestamp":"2025-05-30 22:20:50"}
{"level":"info","message":"Подписан на Kafka топик: user.delete.privatechat","timestamp":"2025-05-30 22:20:50"}
{"level":"info","message":"Подписан на Kafka топик: user.group.roles.update","timestamp":"2025-05-30 22:20:50"}
{"level":"info","message":"Подписан на Kafka топик: user.join.group","timestamp":"2025-05-30 22:20:50"}
{"level":"info","message":"Подписан на Kafka топик: user.join.privatechat","timestamp":"2025-05-30 22:20:50"}
{"level":"info","message":"Подписан на Kafka топик: user.join.server","timestamp":"2025-05-30 22:20:50"}
{"level":"info","message":"Подписан на Kafka топик: user.kicked.from.group","timestamp":"2025-05-30 22:20:50"}
{"level":"info","message":"Подписан на Kafka топик: user.kicked.from.server","timestamp":"2025-05-30 22:20:50"}
{"level":"info","message":"Подписан на Kafka топик: user.leave.group","timestamp":"2025-05-30 22:20:50"}
{"level":"info","message":"Подписан на Kafka топик: user.leave.server","timestamp":"2025-05-30 22:20:50"}
{"level":"info","message":"Подписан на Kafka топик: user.mute.channel","timestamp":"2025-05-30 22:20:50"}
{"level":"info","message":"Подписан на Kafka топик: user.mute.group","timestamp":"2025-05-30 22:20:50"}
{"level":"info","message":"Подписан на Kafka топик: user.mute.privatechat","timestamp":"2025-05-30 22:20:50"}
{"level":"info","message":"Подписан на Kafka топик: user.mute.server","timestamp":"2025-05-30 22:20:50"}
{"level":"info","message":"Подписан на Kafka топик: user.server.roles.update","timestamp":"2025-05-30 22:20:50"}
{"level":"info","message":"Подписан на Kafka топик: user.updated.blacklist","timestamp":"2025-05-30 22:20:50"}
{"level":"info","message":"Подписан на Kafka топик: user.updated.settings","timestamp":"2025-05-30 22:20:50"}
{"level":"info","message":"Подписан на Kafka топик: group.deleted","timestamp":"2025-05-30 22:21:21"}
{"level":"info","message":"Подписан на Kafka топик: group.members.update","timestamp":"2025-05-30 22:21:21"}
{"level":"info","message":"Подписан на Kafka топик: server.channels.update","timestamp":"2025-05-30 22:21:21"}
{"level":"info","message":"Подписан на Kafka топик: server.deleted","timestamp":"2025-05-30 22:21:21"}
{"level":"info","message":"Подписан на Kafka топик: user.banned.from.server","timestamp":"2025-05-30 22:21:21"}
{"level":"info","message":"Подписан на Kafka топик: user.connected","timestamp":"2025-05-30 22:21:21"}
{"level":"info","message":"Подписан на Kafka топик: user.delete.privatechat","timestamp":"2025-05-30 22:21:21"}
{"level":"info","message":"Подписан на Kafka топик: user.group.roles.update","timestamp":"2025-05-30 22:21:21"}
{"level":"info","message":"Подписан на Kafka топик: user.join.group","timestamp":"2025-05-30 22:21:21"}
{"level":"info","message":"Подписан на Kafka топик: user.join.privatechat","timestamp":"2025-05-30 22:21:21"}
{"level":"info","message":"Подписан на Kafka топик: user.join.server","timestamp":"2025-05-30 22:21:21"}
{"level":"info","message":"Подписан на Kafka топик: user.kicked.from.group","timestamp":"2025-05-30 22:21:21"}
{"level":"info","message":"Подписан на Kafka топик: user.kicked.from.server","timestamp":"2025-05-30 22:21:21"}
{"level":"info","message":"Подписан на Kafka топик: user.leave.group","timestamp":"2025-05-30 22:21:21"}
{"level":"info","message":"Подписан на Kafka топик: user.leave.server","timestamp":"2025-05-30 22:21:21"}
{"level":"info","message":"Подписан на Kafka топик: user.mute.channel","timestamp":"2025-05-30 22:21:21"}
{"level":"info","message":"Подписан на Kafka топик: user.mute.group","timestamp":"2025-05-30 22:21:21"}
{"level":"info","message":"Подписан на Kafka топик: user.mute.privatechat","timestamp":"2025-05-30 22:21:21"}
{"level":"info","message":"Подписан на Kafka топик: user.mute.server","timestamp":"2025-05-30 22:21:21"}
{"level":"info","message":"Подписан на Kafka топик: user.server.roles.update","timestamp":"2025-05-30 22:21:21"}
{"level":"info","message":"Подписан на Kafka топик: user.updated.blacklist","timestamp":"2025-05-30 22:21:21"}
{"level":"info","message":"Подписан на Kafka топик: user.updated.settings","timestamp":"2025-05-30 22:21:21"}
{"level":"info","message":"✅ Запрос: GET /users/me/subscriptions","timestamp":"2025-05-30 22:22:38"}
{"level":"info","message":"Подписан на Kafka топик: group.deleted","timestamp":"2025-05-30 22:31:46"}
{"level":"info","message":"Подписан на Kafka топик: group.members.update","timestamp":"2025-05-30 22:31:46"}
{"level":"info","message":"Подписан на Kafka топик: server.channels.update","timestamp":"2025-05-30 22:31:46"}
{"level":"info","message":"Подписан на Kafka топик: server.deleted","timestamp":"2025-05-30 22:31:46"}
{"level":"info","message":"Подписан на Kafka топик: user.banned.from.server","timestamp":"2025-05-30 22:31:46"}
{"level":"info","message":"Подписан на Kafka топик: user.connected","timestamp":"2025-05-30 22:31:46"}
{"level":"info","message":"Подписан на Kafka топик: user.delete.privatechat","timestamp":"2025-05-30 22:31:46"}
{"level":"info","message":"Подписан на Kafka топик: user.group.roles.update","timestamp":"2025-05-30 22:31:46"}
{"level":"info","message":"Подписан на Kafka топик: user.join.group","timestamp":"2025-05-30 22:31:46"}
{"level":"info","message":"Подписан на Kafka топик: user.join.privatechat","timestamp":"2025-05-30 22:31:46"}
{"level":"info","message":"Подписан на Kafka топик: user.join.server","timestamp":"2025-05-30 22:31:46"}
{"level":"info","message":"Подписан на Kafka топик: user.kicked.from.group","timestamp":"2025-05-30 22:31:46"}
{"level":"info","message":"Подписан на Kafka топик: user.kicked.from.server","timestamp":"2025-05-30 22:31:46"}
{"level":"info","message":"Подписан на Kafka топик: user.leave.group","timestamp":"2025-05-30 22:31:46"}
{"level":"info","message":"Подписан на Kafka топик: user.leave.server","timestamp":"2025-05-30 22:31:46"}
{"level":"info","message":"Подписан на Kafka топик: user.mute.channel","timestamp":"2025-05-30 22:31:46"}
{"level":"info","message":"Подписан на Kafka топик: user.mute.group","timestamp":"2025-05-30 22:31:46"}
{"level":"info","message":"Подписан на Kafka топик: user.mute.privatechat","timestamp":"2025-05-30 22:31:46"}
{"level":"info","message":"Подписан на Kafka топик: user.mute.server","timestamp":"2025-05-30 22:31:46"}
{"level":"info","message":"Подписан на Kafka топик: user.server.roles.update","timestamp":"2025-05-30 22:31:46"}
{"level":"info","message":"Подписан на Kafka топик: user.updated.blacklist","timestamp":"2025-05-30 22:31:46"}
{"level":"info","message":"Подписан на Kafka топик: user.updated.settings","timestamp":"2025-05-30 22:31:46"}
{"level":"info","message":"Подписан на Kafka топик: group.deleted","timestamp":"2025-05-30 22:33:29"}
{"level":"info","message":"Подписан на Kafka топик: group.members.update","timestamp":"2025-05-30 22:33:29"}
{"level":"info","message":"Подписан на Kafka топик: server.channels.update","timestamp":"2025-05-30 22:33:29"}
{"level":"info","message":"Подписан на Kafka топик: server.deleted","timestamp":"2025-05-30 22:33:29"}
{"level":"info","message":"Подписан на Kafka топик: user.banned.from.server","timestamp":"2025-05-30 22:33:29"}
{"level":"info","message":"Подписан на Kafka топик: user.connected","timestamp":"2025-05-30 22:33:29"}
{"level":"info","message":"Подписан на Kafka топик: user.delete.privatechat","timestamp":"2025-05-30 22:33:29"}
{"level":"info","message":"Подписан на Kafka топик: user.group.roles.update","timestamp":"2025-05-30 22:33:29"}
{"level":"info","message":"Подписан на Kafka топик: user.join.group","timestamp":"2025-05-30 22:33:29"}
{"level":"info","message":"Подписан на Kafka топик: user.join.privatechat","timestamp":"2025-05-30 22:33:29"}
{"level":"info","message":"Подписан на Kafka топик: user.join.server","timestamp":"2025-05-30 22:33:29"}
{"level":"info","message":"Подписан на Kafka топик: user.kicked.from.group","timestamp":"2025-05-30 22:33:29"}
{"level":"info","message":"Подписан на Kafka топик: user.kicked.from.server","timestamp":"2025-05-30 22:33:29"}
{"level":"info","message":"Подписан на Kafka топик: user.leave.group","timestamp":"2025-05-30 22:33:29"}
{"level":"info","message":"Подписан на Kafka топик: user.leave.server","timestamp":"2025-05-30 22:33:29"}
{"level":"info","message":"Подписан на Kafka топик: user.mute.channel","timestamp":"2025-05-30 22:33:29"}
{"level":"info","message":"Подписан на Kafka топик: user.mute.group","timestamp":"2025-05-30 22:33:29"}
{"level":"info","message":"Подписан на Kafka топик: user.mute.privatechat","timestamp":"2025-05-30 22:33:29"}
{"level":"info","message":"Подписан на Kafka топик: user.mute.server","timestamp":"2025-05-30 22:33:29"}
{"level":"info","message":"Подписан на Kafka топик: user.server.roles.update","timestamp":"2025-05-30 22:33:29"}
{"level":"info","message":"Подписан на Kafka топик: user.updated.blacklist","timestamp":"2025-05-30 22:33:29"}
{"level":"info","message":"Подписан на Kafka топик: user.updated.settings","timestamp":"2025-05-30 22:33:29"}
{"level":"info","message":"Подписан на Kafka топик: group.deleted","timestamp":"2025-05-30 22:34:20"}
{"level":"info","message":"Подписан на Kafka топик: group.members.update","timestamp":"2025-05-30 22:34:20"}
{"level":"info","message":"Подписан на Kafka топик: server.channels.update","timestamp":"2025-05-30 22:34:20"}
{"level":"info","message":"Подписан на Kafka топик: server.deleted","timestamp":"2025-05-30 22:34:20"}
{"level":"info","message":"Подписан на Kafka топик: user.banned.from.server","timestamp":"2025-05-30 22:34:20"}
{"level":"info","message":"Подписан на Kafka топик: user.connected","timestamp":"2025-05-30 22:34:20"}
{"level":"info","message":"Подписан на Kafka топик: user.delete.privatechat","timestamp":"2025-05-30 22:34:20"}
{"level":"info","message":"Подписан на Kafka топик: user.group.roles.update","timestamp":"2025-05-30 22:34:20"}
{"level":"info","message":"Подписан на Kafka топик: user.join.group","timestamp":"2025-05-30 22:34:20"}
{"level":"info","message":"Подписан на Kafka топик: user.join.privatechat","timestamp":"2025-05-30 22:34:20"}
{"level":"info","message":"Подписан на Kafka топик: user.join.server","timestamp":"2025-05-30 22:34:20"}
{"level":"info","message":"Подписан на Kafka топик: user.kicked.from.group","timestamp":"2025-05-30 22:34:20"}
{"level":"info","message":"Подписан на Kafka топик: user.kicked.from.server","timestamp":"2025-05-30 22:34:20"}
{"level":"info","message":"Подписан на Kafka топик: user.leave.group","timestamp":"2025-05-30 22:34:20"}
{"level":"info","message":"Подписан на Kafka топик: user.leave.server","timestamp":"2025-05-30 22:34:20"}
{"level":"info","message":"Подписан на Kafka топик: user.mute.channel","timestamp":"2025-05-30 22:34:20"}
{"level":"info","message":"Подписан на Kafka топик: user.mute.group","timestamp":"2025-05-30 22:34:20"}
{"level":"info","message":"Подписан на Kafka топик: user.mute.privatechat","timestamp":"2025-05-30 22:34:20"}
{"level":"info","message":"Подписан на Kafka топик: user.mute.server","timestamp":"2025-05-30 22:34:20"}
{"level":"info","message":"Подписан на Kafka топик: user.server.roles.update","timestamp":"2025-05-30 22:34:20"}
{"level":"info","message":"Подписан на Kafka топик: user.updated.blacklist","timestamp":"2025-05-30 22:34:20"}
{"level":"info","message":"Подписан на Kafka топик: user.updated.settings","timestamp":"2025-05-30 22:34:20"}
{"level":"info","message":"Подписан на Kafka топик: group.deleted","timestamp":"2025-05-30 22:36:43"}
{"level":"info","message":"Подписан на Kafka топик: group.members.update","timestamp":"2025-05-30 22:36:43"}
{"level":"info","message":"Подписан на Kafka топик: server.channels.update","timestamp":"2025-05-30 22:36:43"}
{"level":"info","message":"Подписан на Kafka топик: server.deleted","timestamp":"2025-05-30 22:36:43"}
{"level":"info","message":"Подписан на Kafka топик: user.banned.from.server","timestamp":"2025-05-30 22:36:43"}
{"level":"info","message":"Подписан на Kafka топик: user.connected","timestamp":"2025-05-30 22:36:43"}
{"level":"info","message":"Подписан на Kafka топик: user.delete.privatechat","timestamp":"2025-05-30 22:36:43"}
{"level":"info","message":"Подписан на Kafka топик: user.group.roles.update","timestamp":"2025-05-30 22:36:43"}
{"level":"info","message":"Подписан на Kafka топик: user.join.group","timestamp":"2025-05-30 22:36:43"}
{"level":"info","message":"Подписан на Kafka топик: user.join.privatechat","timestamp":"2025-05-30 22:36:43"}
{"level":"info","message":"Подписан на Kafka топик: user.join.server","timestamp":"2025-05-30 22:36:43"}
{"level":"info","message":"Подписан на Kafka топик: user.kicked.from.group","timestamp":"2025-05-30 22:36:43"}
{"level":"info","message":"Подписан на Kafka топик: user.kicked.from.server","timestamp":"2025-05-30 22:36:43"}
{"level":"info","message":"Подписан на Kafka топик: user.leave.group","timestamp":"2025-05-30 22:36:43"}
{"level":"info","message":"Подписан на Kafka топик: user.leave.server","timestamp":"2025-05-30 22:36:43"}
{"level":"info","message":"Подписан на Kafka топик: user.mute.channel","timestamp":"2025-05-30 22:36:43"}
{"level":"info","message":"Подписан на Kafka топик: user.mute.group","timestamp":"2025-05-30 22:36:43"}
{"level":"info","message":"Подписан на Kafka топик: user.mute.privatechat","timestamp":"2025-05-30 22:36:43"}
{"level":"info","message":"Подписан на Kafka топик: user.mute.server","timestamp":"2025-05-30 22:36:43"}
{"level":"info","message":"Подписан на Kafka топик: user.server.roles.update","timestamp":"2025-05-30 22:36:43"}
{"level":"info","message":"Подписан на Kafka топик: user.updated.blacklist","timestamp":"2025-05-30 22:36:43"}
{"level":"info","message":"Подписан на Kafka топик: user.updated.settings","timestamp":"2025-05-30 22:36:43"}
{"level":"info","message":"Подписан на Kafka топик: group.deleted","timestamp":"2025-05-30 22:46:57"}
{"level":"info","message":"Подписан на Kafka топик: group.members.update","timestamp":"2025-05-30 22:46:57"}
{"level":"info","message":"Подписан на Kafka топик: server.channels.update","timestamp":"2025-05-30 22:46:57"}
{"level":"info","message":"Подписан на Kafka топик: server.deleted","timestamp":"2025-05-30 22:46:57"}
{"level":"info","message":"Подписан на Kafka топик: user.banned.from.server","timestamp":"2025-05-30 22:46:57"}
{"level":"info","message":"Подписан на Kafka топик: user.connected","timestamp":"2025-05-30 22:46:57"}
{"level":"info","message":"Подписан на Kafka топик: user.delete.privatechat","timestamp":"2025-05-30 22:46:57"}
{"level":"info","message":"Подписан на Kafka топик: user.group.roles.update","timestamp":"2025-05-30 22:46:57"}
{"level":"info","message":"Подписан на Kafka топик: user.join.group","timestamp":"2025-05-30 22:46:57"}
{"level":"info","message":"Подписан на Kafka топик: user.join.privatechat","timestamp":"2025-05-30 22:46:57"}
{"level":"info","message":"Подписан на Kafka топик: user.join.server","timestamp":"2025-05-30 22:46:57"}
{"level":"info","message":"Подписан на Kafka топик: user.kicked.from.group","timestamp":"2025-05-30 22:46:57"}
{"level":"info","message":"Подписан на Kafka топик: user.kicked.from.server","timestamp":"2025-05-30 22:46:57"}
{"level":"info","message":"Подписан на Kafka топик: user.leave.group","timestamp":"2025-05-30 22:46:57"}
{"level":"info","message":"Подписан на Kafka топик: user.leave.server","timestamp":"2025-05-30 22:46:57"}
{"level":"info","message":"Подписан на Kafka топик: user.mute.channel","timestamp":"2025-05-30 22:46:57"}
{"level":"info","message":"Подписан на Kafka топик: user.mute.group","timestamp":"2025-05-30 22:46:57"}
{"level":"info","message":"Подписан на Kafka топик: user.mute.privatechat","timestamp":"2025-05-30 22:46:57"}
{"level":"info","message":"Подписан на Kafka топик: user.mute.server","timestamp":"2025-05-30 22:46:57"}
{"level":"info","message":"Подписан на Kafka топик: user.server.roles.update","timestamp":"2025-05-30 22:46:57"}
{"level":"info","message":"Подписан на Kafka топик: user.updated.blacklist","timestamp":"2025-05-30 22:46:57"}
{"level":"info","message":"Подписан на Kafka топик: user.updated.settings","timestamp":"2025-05-30 22:46:57"}
{"level":"info","message":"Подписан на Kafka топик: group.deleted","timestamp":"2025-05-30 22:51:47"}
{"level":"info","message":"Подписан на Kafka топик: group.members.update","timestamp":"2025-05-30 22:51:47"}
{"level":"info","message":"Подписан на Kafka топик: server.channels.update","timestamp":"2025-05-30 22:51:47"}
{"level":"info","message":"Подписан на Kafka топик: server.deleted","timestamp":"2025-05-30 22:51:47"}
{"level":"info","message":"Подписан на Kafka топик: user.banned.from.server","timestamp":"2025-05-30 22:51:47"}
{"level":"info","message":"Подписан на Kafka топик: user.connected","timestamp":"2025-05-30 22:51:47"}
{"level":"info","message":"Подписан на Kafka топик: user.delete.privatechat","timestamp":"2025-05-30 22:51:47"}
{"level":"info","message":"Подписан на Kafka топик: user.group.roles.update","timestamp":"2025-05-30 22:51:47"}
{"level":"info","message":"Подписан на Kafka топик: user.join.group","timestamp":"2025-05-30 22:51:47"}
{"level":"info","message":"Подписан на Kafka топик: user.join.privatechat","timestamp":"2025-05-30 22:51:47"}
{"level":"info","message":"Подписан на Kafka топик: user.join.server","timestamp":"2025-05-30 22:51:47"}
{"level":"info","message":"Подписан на Kafka топик: user.kicked.from.group","timestamp":"2025-05-30 22:51:47"}
{"level":"info","message":"Подписан на Kafka топик: user.kicked.from.server","timestamp":"2025-05-30 22:51:47"}
{"level":"info","message":"Подписан на Kafka топик: user.leave.group","timestamp":"2025-05-30 22:51:47"}
{"level":"info","message":"Подписан на Kafka топик: user.leave.server","timestamp":"2025-05-30 22:51:47"}
{"level":"info","message":"Подписан на Kafka топик: user.mute.channel","timestamp":"2025-05-30 22:51:47"}
{"level":"info","message":"Подписан на Kafka топик: user.mute.group","timestamp":"2025-05-30 22:51:47"}
{"level":"info","message":"Подписан на Kafka топик: user.mute.privatechat","timestamp":"2025-05-30 22:51:47"}
{"level":"info","message":"Подписан на Kafka топик: user.mute.server","timestamp":"2025-05-30 22:51:47"}
{"level":"info","message":"Подписан на Kafka топик: user.server.roles.update","timestamp":"2025-05-30 22:51:47"}
{"level":"info","message":"Подписан на Kafka топик: user.updated.blacklist","timestamp":"2025-05-30 22:51:47"}
{"level":"info","message":"Подписан на Kafka топик: user.updated.settings","timestamp":"2025-05-30 22:51:47"}
{"level":"info","message":"✅ Запрос: GET /users/me/subscriptions","timestamp":"2025-05-30 22:53:15"}
{"level":"info","message":"Подписан на Kafka топик: group.deleted","timestamp":"2025-05-31 01:39:32"}
{"level":"info","message":"Подписан на Kafka топик: group.members.update","timestamp":"2025-05-31 01:39:32"}
{"level":"info","message":"Подписан на Kafka топик: server.channels.update","timestamp":"2025-05-31 01:39:34"}
{"level":"info","message":"Подписан на Kafka топик: server.deleted","timestamp":"2025-05-31 01:39:35"}
{"level":"info","message":"Подписан на Kafka топик: user.banned.from.server","timestamp":"2025-05-31 01:39:35"}
{"level":"info","message":"Подписан на Kafka топик: user.connected","timestamp":"2025-05-31 01:39:35"}
{"level":"info","message":"Подписан на Kafka топик: user.delete.privatechat","timestamp":"2025-05-31 01:39:36"}
{"level":"info","message":"Подписан на Kafka топик: user.group.roles.update","timestamp":"2025-05-31 01:39:36"}
{"level":"info","message":"Подписан на Kafka топик: user.join.group","timestamp":"2025-05-31 01:39:36"}
{"level":"info","message":"Подписан на Kafka топик: user.join.privatechat","timestamp":"2025-05-31 01:39:37"}
{"level":"info","message":"Подписан на Kafka топик: user.join.server","timestamp":"2025-05-31 01:39:37"}
{"level":"info","message":"Подписан на Kafka топик: user.kicked.from.group","timestamp":"2025-05-31 01:39:37"}
{"level":"info","message":"Подписан на Kafka топик: user.kicked.from.server","timestamp":"2025-05-31 01:39:38"}
{"level":"info","message":"Подписан на Kafka топик: user.leave.group","timestamp":"2025-05-31 01:39:38"}
{"level":"info","message":"Подписан на Kafka топик: user.leave.server","timestamp":"2025-05-31 01:39:38"}
{"level":"info","message":"Подписан на Kafka топик: user.mute.channel","timestamp":"2025-05-31 01:39:39"}
{"level":"info","message":"Подписан на Kafka топик: user.mute.group","timestamp":"2025-05-31 01:39:39"}
{"level":"info","message":"Подписан на Kafka топик: user.mute.privatechat","timestamp":"2025-05-31 01:39:39"}
{"level":"info","message":"Подписан на Kafka топик: user.mute.server","timestamp":"2025-05-31 01:39:40"}
{"level":"info","message":"Подписан на Kafka топик: user.server.roles.update","timestamp":"2025-05-31 01:39:40"}
{"level":"info","message":"Подписан на Kafka топик: user.updated.blacklist","timestamp":"2025-05-31 01:39:41"}
{"level":"info","message":"Подписан на Kafka топик: user.updated.settings","timestamp":"2025-05-31 01:39:41"}
{"level":"info","message":"Подписан на Kafka топик: group.deleted","timestamp":"2025-05-31 01:52:44"}
{"level":"info","message":"Подписан на Kafka топик: group.members.update","timestamp":"2025-05-31 01:52:44"}
{"level":"info","message":"Подписан на Kafka топик: server.channels.update","timestamp":"2025-05-31 01:52:44"}
{"level":"info","message":"Подписан на Kafka топик: server.deleted","timestamp":"2025-05-31 01:52:44"}
{"level":"info","message":"Подписан на Kafka топик: user.banned.from.server","timestamp":"2025-05-31 01:52:44"}
{"level":"info","message":"Подписан на Kafka топик: user.connected","timestamp":"2025-05-31 01:52:44"}
{"level":"info","message":"Подписан на Kafka топик: user.delete.privatechat","timestamp":"2025-05-31 01:52:44"}
{"level":"info","message":"Подписан на Kafka топик: user.group.roles.update","timestamp":"2025-05-31 01:52:44"}
{"level":"info","message":"Подписан на Kafka топик: user.join.group","timestamp":"2025-05-31 01:52:44"}
{"level":"info","message":"Подписан на Kafka топик: user.join.privatechat","timestamp":"2025-05-31 01:52:44"}
{"level":"info","message":"Подписан на Kafka топик: user.join.server","timestamp":"2025-05-31 01:52:44"}
{"level":"info","message":"Подписан на Kafka топик: user.kicked.from.group","timestamp":"2025-05-31 01:52:44"}
{"level":"info","message":"Подписан на Kafka топик: user.kicked.from.server","timestamp":"2025-05-31 01:52:44"}
{"level":"info","message":"Подписан на Kafka топик: user.leave.group","timestamp":"2025-05-31 01:52:44"}
{"level":"info","message":"Подписан на Kafka топик: user.leave.server","timestamp":"2025-05-31 01:52:44"}
{"level":"info","message":"Подписан на Kafka топик: user.mute.channel","timestamp":"2025-05-31 01:52:44"}
{"level":"info","message":"Подписан на Kafka топик: user.mute.group","timestamp":"2025-05-31 01:52:44"}
{"level":"info","message":"Подписан на Kafka топик: user.mute.privatechat","timestamp":"2025-05-31 01:52:44"}
{"level":"info","message":"Подписан на Kafka топик: user.mute.server","timestamp":"2025-05-31 01:52:44"}
{"level":"info","message":"Подписан на Kafka топик: user.server.roles.update","timestamp":"2025-05-31 01:52:44"}
{"level":"info","message":"Подписан на Kafka топик: user.updated.blacklist","timestamp":"2025-05-31 01:52:44"}
{"level":"info","message":"Подписан на Kafka топик: user.updated.settings","timestamp":"2025-05-31 01:52:44"}
